  正在验证源
  正在将源远程复制到“47.104.176.167”
  正在验证体系结构
  正在验证体系结构
  正在启动远程生成
  正在编译源:
  mydu.c
D:\MyGit\apue\fs\mydu.c(13,8): warning : return type defaults to ‘int’ [-Wimplicit-int]
D:\MyGit\apue\fs\mydu.c(13,8): warning :  static path_noloop(const char *path)
D:\MyGit\apue\fs\mydu.c(13,8): warning :         ^~~~~~~~~~~
D:\MyGit\apue\fs\mydu.c(17,6): warning : suggest parentheses around assignment used as truth value [-Wparentheses]
D:\MyGit\apue\fs\mydu.c(17,6): warning :   if (pos = NULL) {
D:\MyGit\apue\fs\mydu.c(17,6): warning :       ^~~
D:\MyGit\apue\fs\mydu.c(32,6): warning : implicit declaration of function ‘lstat’; did you mean ‘fstat’? [-Wimplicit-function-declaration]
D:\MyGit\apue\fs\mydu.c(32,6): warning :   if (lstat(path, &statres) < 0) {
D:\MyGit\apue\fs\mydu.c(32,6): warning :       ^~~~~
D:\MyGit\apue\fs\mydu.c(32,6): warning :       fstat
D:\MyGit\apue\fs\mydu.c(52,9): warning : conversion to ‘int’ from ‘int64_t {aka long int}’ may alter its value [-Wconversion]
D:\MyGit\apue\fs\mydu.c(52,9): warning :    sum+= mydu(globres.gl_pathv[i]);
D:\MyGit\apue\fs\mydu.c(52,9): warning :          ^~~~
D:\MyGit\apue\fs\mydu.c(55,9): warning : conversion to ‘int’ from ‘__blkcnt_t {aka long int}’ may alter its value [-Wconversion]
D:\MyGit\apue\fs\mydu.c(55,9): warning :   sum += statres.st_blocks;
D:\MyGit\apue\fs\mydu.c(55,9): warning :          ^~~~~~~
  正在链接对象
  apue.vcxproj -> D:\MyGit\apue\bin\x64\Debug\apue.out
